<?xml version="1.0" encoding="UTF-8"?>
<!-- Generated by org.testng.reporters.JUnitXMLReporter -->
<testsuite ignored="0" hostname="DESKTOP-RO8HHPK" failures="0" tests="12" name="Default test" time="98.162" errors="0" timestamp="2022-01-02T08:46:02 IST">
  <testcase classname="com.Testfacebook.Test_Facebook" name="facebooklogin" time="25.533"/>
  <testcase classname="com.Testfacebook.Test_Facebook" name="facebooklogin" time="5.606"/>
  <testcase classname="com.Testfacebook.Test_Facebook" name="facebooklogin" time="16.373"/>
  <testcase classname="com.Testfacebook.Test_Facebook" name="facebooklogin" time="24.018"/>
  <testcase classname="com.Testfacebook.Test_Facebook" name="facebooklogin" time="5.097"/>
  <testcase classname="com.Testfacebook.Test_Facebook" name="facebooklogin" time="2.678"/>
  <testcase classname="com.Testfacebook.Test_Facebook" name="facebooklogin" time="2.118"/>
  <testcase classname="com.Testfacebook.Test_Facebook" name="facebooknewaccount" time="1.397"/>
  <testcase classname="com.Testfacebook.Test_Facebook" name="facebookpassword" time="9.153"/>
  <testcase classname="com.Testfacebook.Test_Facebook" name="facebookpassword" time="2.091"/>
  <testcase classname="com.Testfacebook.Test_Facebook" name="facebookpassword" time="2.077"/>
  <testcase classname="com.Testfacebook.Test_Facebook" name="facebookpassword" time="1.912"/>
</testsuite> <!-- Default test -->
