<?xml version="1.0" encoding="UTF-8"?>
<!-- Generated by org.testng.reporters.JUnitXMLReporter -->
<testsuite ignored="2" hostname="DESKTOP-RO8HHPK" failures="0" tests="4" name="Test" time="9.989" errors="0" timestamp="2022-01-01T12:55:06 IST">
  <testcase classname="com.Testfacebook.Test_Facebook" name="facebookpassword" time="3.712"/>
  <testcase classname="com.Testfacebook.Test_Facebook" name="facebookpassword" time="2.282"/>
  <testcase classname="com.Testfacebook.Test_Facebook" name="facebookpassword" time="1.946"/>
  <testcase classname="com.Testfacebook.Test_Facebook" name="facebookpassword" time="1.952"/>
  <testcase classname="com.Testfacebook.Test_Facebook" name="facebooklogin" time="0.0">
    <ignored/>
  </testcase> <!-- facebooklogin -->
  <testcase classname="com.Testfacebook.Test_Facebook" name="facebooknewaccount" time="0.0">
    <ignored/>
  </testcase> <!-- facebooknewaccount -->
</testsuite> <!-- Test -->
