<?xml version="1.0" encoding="UTF-8"?>
<testng-results ignored="0" total="12" passed="12" failed="0" skipped="0">
  <reporter-output>
  </reporter-output>
  <suite started-at="2022-01-02T08:44:24 IST" name="Default suite" finished-at="2022-01-02T08:46:02 IST" duration-ms="98162">
    <groups>
    </groups>
    <test started-at="2022-01-02T08:44:24 IST" name="Default test" finished-at="2022-01-02T08:46:02 IST" duration-ms="98162">
      <class name="com.Testfacebook.Test_Facebook">
        <test-method signature="facebooklogin(java.lang.String,java.lang.String)[pri:0, instance:com.Testfacebook.Test_Facebook@2b58f754]" started-at="2022-01-02T08:44:24 IST" name="facebooklogin" data-provider="login" finished-at="2022-01-02T08:44:49 IST" duration-ms="25533" status="PASS">
          <params>
            <param index="0">
              <value>
                <![CDATA[lingeshwaraan@gmail.com]]>
              </value>
            </param>
            <param index="1">
              <value>
                <![CDATA[123456789]]>
              </value>
            </param>
          </params>
          <reporter-output>
          </reporter-output>
        </test-method> <!-- facebooklogin -->
        <test-method signature="facebooklogin(java.lang.String,java.lang.String)[pri:0, instance:com.Testfacebook.Test_Facebook@2b58f754]" started-at="2022-01-02T08:44:49 IST" name="facebooklogin" data-provider="login" finished-at="2022-01-02T08:44:55 IST" duration-ms="5606" status="PASS">
          <params>
            <param index="0">
              <value>
                <![CDATA[lingeshwaraan@gmail.com]]>
              </value>
            </param>
            <param index="1">
              <value>
                <![CDATA[9876543210]]>
              </value>
            </param>
          </params>
          <reporter-output>
          </reporter-output>
        </test-method> <!-- facebooklogin -->
        <test-method signature="facebooklogin(java.lang.String,java.lang.String)[pri:0, instance:com.Testfacebook.Test_Facebook@2b58f754]" started-at="2022-01-02T08:44:55 IST" name="facebooklogin" data-provider="login" finished-at="2022-01-02T08:45:11 IST" duration-ms="16373" status="PASS">
          <params>
            <param index="0">
              <value>
                <![CDATA[kumar@gmail.com]]>
              </value>
            </param>
            <param index="1">
              <value>
                <![CDATA[123456789]]>
              </value>
            </param>
          </params>
          <reporter-output>
          </reporter-output>
        </test-method> <!-- facebooklogin -->
        <test-method signature="facebooklogin(java.lang.String,java.lang.String)[pri:0, instance:com.Testfacebook.Test_Facebook@2b58f754]" started-at="2022-01-02T08:45:11 IST" name="facebooklogin" data-provider="login" finished-at="2022-01-02T08:45:35 IST" duration-ms="24018" status="PASS">
          <params>
            <param index="0">
              <value>
                <![CDATA[xyz@gmail.com]]>
              </value>
            </param>
            <param index="1">
              <value>
                <![CDATA[qwertyuiop]]>
              </value>
            </param>
          </params>
          <reporter-output>
          </reporter-output>
        </test-method> <!-- facebooklogin -->
        <test-method signature="facebooklogin(java.lang.String,java.lang.String)[pri:0, instance:com.Testfacebook.Test_Facebook@2b58f754]" started-at="2022-01-02T08:45:35 IST" name="facebooklogin" data-provider="login" finished-at="2022-01-02T08:45:40 IST" duration-ms="5097" status="PASS">
          <params>
            <param index="0">
              <value>
                <![CDATA[lingeshwaraan@gmail.com]]>
              </value>
            </param>
            <param index="1">
              <value>
                <![CDATA[]]>
              </value>
            </param>
          </params>
          <reporter-output>
          </reporter-output>
        </test-method> <!-- facebooklogin -->
        <test-method signature="facebooklogin(java.lang.String,java.lang.String)[pri:0, instance:com.Testfacebook.Test_Facebook@2b58f754]" started-at="2022-01-02T08:45:40 IST" name="facebooklogin" data-provider="login" finished-at="2022-01-02T08:45:43 IST" duration-ms="2678" status="PASS">
          <params>
            <param index="0">
              <value>
                <![CDATA[]]>
              </value>
            </param>
            <param index="1">
              <value>
                <![CDATA[9876543210]]>
              </value>
            </param>
          </params>
          <reporter-output>
          </reporter-output>
        </test-method> <!-- facebooklogin -->
        <test-method signature="facebooklogin(java.lang.String,java.lang.String)[pri:0, instance:com.Testfacebook.Test_Facebook@2b58f754]" started-at="2022-01-02T08:45:43 IST" name="facebooklogin" data-provider="login" finished-at="2022-01-02T08:45:45 IST" duration-ms="2118" status="PASS">
          <params>
            <param index="0">
              <value>
                <![CDATA[]]>
              </value>
            </param>
            <param index="1">
              <value>
                <![CDATA[]]>
              </value>
            </param>
          </params>
          <reporter-output>
          </reporter-output>
        </test-method> <!-- facebooklogin -->
        <test-method signature="facebooknewaccount()[pri:0, instance:com.Testfacebook.Test_Facebook@2b58f754]" started-at="2022-01-02T08:45:45 IST" name="facebooknewaccount" finished-at="2022-01-02T08:45:47 IST" duration-ms="1397" status="PASS">
          <reporter-output>
          </reporter-output>
        </test-method> <!-- facebooknewaccount -->
        <test-method signature="facebookpassword(java.lang.String,java.lang.String)[pri:0, instance:com.Testfacebook.Test_Facebook@2b58f754]" started-at="2022-01-02T08:45:47 IST" name="facebookpassword" data-provider="password" finished-at="2022-01-02T08:45:56 IST" duration-ms="9153" status="PASS">
          <params>
            <param index="0">
              <value>
                <![CDATA[lingeshwaraan@gmail.com]]>
              </value>
            </param>
            <param index="1">
              <value>
                <![CDATA[qwerfdhfhjg]]>
              </value>
            </param>
          </params>
          <reporter-output>
          </reporter-output>
        </test-method> <!-- facebookpassword -->
        <test-method signature="facebookpassword(java.lang.String,java.lang.String)[pri:0, instance:com.Testfacebook.Test_Facebook@2b58f754]" started-at="2022-01-02T08:45:56 IST" name="facebookpassword" data-provider="password" finished-at="2022-01-02T08:45:58 IST" duration-ms="2091" status="PASS">
          <params>
            <param index="0">
              <value>
                <![CDATA[xyz@gmail.com]]>
              </value>
            </param>
            <param index="1">
              <value>
                <![CDATA[qwerfdhfhjg]]>
              </value>
            </param>
          </params>
          <reporter-output>
          </reporter-output>
        </test-method> <!-- facebookpassword -->
        <test-method signature="facebookpassword(java.lang.String,java.lang.String)[pri:0, instance:com.Testfacebook.Test_Facebook@2b58f754]" started-at="2022-01-02T08:45:58 IST" name="facebookpassword" data-provider="password" finished-at="2022-01-02T08:46:00 IST" duration-ms="2077" status="PASS">
          <params>
            <param index="0">
              <value>
                <![CDATA[lingeshwaraan@gmail.com]]>
              </value>
            </param>
            <param index="1">
              <value>
                <![CDATA[]]>
              </value>
            </param>
          </params>
          <reporter-output>
          </reporter-output>
        </test-method> <!-- facebookpassword -->
        <test-method signature="facebookpassword(java.lang.String,java.lang.String)[pri:0, instance:com.Testfacebook.Test_Facebook@2b58f754]" started-at="2022-01-02T08:46:00 IST" name="facebookpassword" data-provider="password" finished-at="2022-01-02T08:46:02 IST" duration-ms="1912" status="PASS">
          <params>
            <param index="0">
              <value>
                <![CDATA[xyz@gmail.com]]>
              </value>
            </param>
            <param index="1">
              <value>
                <![CDATA[]]>
              </value>
            </param>
          </params>
          <reporter-output>
          </reporter-output>
        </test-method> <!-- facebookpassword -->
      </class> <!-- com.Testfacebook.Test_Facebook -->
    </test> <!-- Default test -->
  </suite> <!-- Default suite -->
</testng-results>
